<?xml version="1.0" encoding="UTF-8"?>
<!-- Generated by org.testng.reporters.JUnitXMLReporter -->
<testsuite hostname="Hp-Komputer" ignored="0" name="Default test" tests="4" failures="0" timestamp="07 lis 2018 17:49:40 GMT" time="44.343" errors="0">
  <testcase name="crmLogoTest" time="0.129" classname="com.crm.qa.testcases.LoginPageTest"/>
  <testcase name="loginPageTitleTest" time="0.013" classname="com.crm.qa.testcases.LoginPageTest"/>
  <testcase name="loginTest" time="11.267" classname="com.crm.qa.testcases.LoginPageTest"/>
  <testcase name="signUpLnk" time="7.937" classname="com.crm.qa.testcases.LoginPageTest"/>
</testsuite> <!-- Default test -->
